READY....
Listening...
Stopped listening, please wait...
000000000: please call to tell at a please call to sell off
READY....
Listening...
Stopped listening, please wait...
000000001: so
READY....
Listening...
Stopped listening, please wait...
000000002: yes tuned
READY....
Listening...
Stopped listening, please wait...
000000003: and five eighths lab for them to achieve that
READY....
Listening...
Stopped listening, please wait...
000000004: it's
READY....
Listening...
Stopped listening, please wait...
000000005: we also need paying for the kids in
READY....
Listening...
Stopped listening, please wait...
000000006: of mom plastic make a that get toy fraud
READY....
Listening...
Stopped listening, please wait...
000000007: she does get these things into three read back
READY....
Listening...
Stopped listening, please wait...
000000008: we will go meet her and wednesday at the train station
READY....
Listening...
Stopped listening, please wait...
000000009: okay good catholic is complete
READY....
Listening...
