READY....
Listening...
Stopped listening, please wait...
000000000: these calls the fellow
READY....
Listening...
Stopped listening, please wait...
000000001: it's
READY....
Listening...
Stopped listening, please wait...
000000002: after a dream
READY....
Listening...
Stopped listening, please wait...
000000003: it
READY....
Listening...
Stopped listening, please wait...
000000004: tom did it a
READY....
Listening...
Stopped listening, please wait...
000000005: but
READY....
Listening...
Stopped listening, please wait...
000000006: yeah it
READY....
Listening...
Stopped listening, please wait...
000000007: get up
READY....
Listening...
Stopped listening, please wait...
000000008: and
READY....
Listening...
