READY....
Listening...
Stopped listening, please wait...
000000000: MOVE
READY....
Listening...
Stopped listening, please wait...
000000001: LEFT
READY....
Listening...
Stopped listening, please wait...
000000002: COMPUTER
READY....
Listening...
Stopped listening, please wait...
000000003: STUDENT
READY....
Listening...
Stopped listening, please wait...
000000004: HEY NICO
READY....
Listening...
Stopped listening, please wait...
000000005: 
READY....
Listening...
Stopped listening, please wait...
000000006: STUDENT
READY....
Listening...
Stopped listening, please wait...
000000007: TURN
READY....
Listening...
Stopped listening, please wait...
000000008: MY NAME IS
READY....
Listening...
Stopped listening, please wait...
000000009: STUDENT
READY....
Listening...
Stopped listening, please wait...
000000010: MY NAME IS
READY....
Listening...
Stopped listening, please wait...
000000011: 
READY....
Listening...
Stopped listening, please wait...
000000012: HELLO
READY....
Listening...
Stopped listening, please wait...
000000013: RIGHT
READY....
Listening...
Stopped listening, please wait...
000000014: TURN
READY....
Listening...
Stopped listening, please wait...
000000015: YEAH
READY....
Listening...
Stopped listening, please wait...
000000016: 
READY....
Listening...
Stopped listening, please wait...
000000017: COMPUTER
READY....
Listening...
Stopped listening, please wait...
000000018: HEY NICO
READY....
Listening...
Stopped listening, please wait...
000000019: COMPUTER
READY....
Listening...
Stopped listening, please wait...
000000020: MY NAME
READY....
Listening...
Stopped listening, please wait...
000000021: COMPUTER
READY....
Listening...
Stopped listening, please wait...
000000022: OK
READY....
Listening...
Stopped listening, please wait...
000000023: TURN
READY....
Listening...
Stopped listening, please wait...
000000024: STUDENT
READY....
Listening...
Stopped listening, please wait...
000000025: RIGHT
READY....
Listening...
Stopped listening, please wait...
000000026: 
READY....
Listening...
Stopped listening, please wait...
000000027: STAFF
READY....
Listening...
Stopped listening, please wait...
000000028: STUDENT
READY....
Listening...
Stopped listening, please wait...
000000029: HELLO
READY....
Listening...
Stopped listening, please wait...
000000030: OK
READY....
Listening...
Stopped listening, please wait...
000000031: COMPUTER SCIENCE
READY....
Listening...
Stopped listening, please wait...
000000032: STUDENT
READY....
Listening...
Stopped listening, please wait...
000000033: YES
READY....
Listening...
Stopped listening, please wait...
000000034: 
READY....
Listening...
Stopped listening, please wait...
000000035: TURN
READY....
Listening...
Stopped listening, please wait...
000000036: LEFT
READY....
Listening...
Stopped listening, please wait...
000000037: STAFF
READY....
Listening...
Stopped listening, please wait...
000000038: YEAH
READY....
Listening...
Stopped listening, please wait...
000000039: 
READY....
Listening...
Stopped listening, please wait...
000000040: MOVE
READY....
Listening...
Stopped listening, please wait...
000000041: YEAH
READY....
Listening...
Stopped listening, please wait...
000000042: FORWARD
READY....
Listening...
Stopped listening, please wait...
000000043: STAFF
READY....
Listening...
Stopped listening, please wait...
000000044: FORWARD
READY....
Listening...
Stopped listening, please wait...
000000045: TURN
READY....
Listening...
Stopped listening, please wait...
000000046: COMPUTER SCIENCE
READY....
Listening...
Stopped listening, please wait...
000000047: TURN
READY....
Listening...
Stopped listening, please wait...
000000048: YES
READY....
Listening...
Stopped listening, please wait...
000000049: COMPUTER SCIENCE
READY....
Listening...
Stopped listening, please wait...
000000050: TURN
READY....
Listening...
Stopped listening, please wait...
000000051: RIGHT
READY....
Listening...
Stopped listening, please wait...
000000052: STAFF
READY....
Listening...
Stopped listening, please wait...
000000053: NO
READY....
Listening...
Stopped listening, please wait...
000000054: 
READY....
