READY....
Listening...
Stopped listening, please wait...
000000000: please call still
READY....
Listening...
Stopped listening, please wait...
000000001: so has occurred during these things from the store
READY....
Listening...
Stopped listening, please wait...
000000002: that's it's sex go into a fresh snow peace
READY....
Listening...
Stopped listening, please wait...
000000003: at five six land of whom she's
READY....
Listening...
Stopped listening, please wait...
000000004: so maybe asked that her brother bob
READY....
Listening...
Stopped listening, please wait...
000000005: we also in a pays for the kids
READY....
Listening...
Stopped listening, please wait...
000000006: but the small plastic shake him a big story from
READY....
Listening...
Stopped listening, please wait...
000000007: hi
READY....
Listening...
Stopped listening, please wait...
000000008: she gets quote a on she goes quote these things into three regard
READY....
Listening...
Stopped listening, please wait...
000000009: yes
READY....
Listening...
Stopped listening, please wait...
000000010: we will a real goal major one day at the train station
READY....
Listening...
Stopped listening, please wait...
000000011: we will go in the there monday at the train station
READY....
Listening...
Stopped listening, please wait...
000000012: 
READY....
Listening...
Stopped listening, please wait...
000000013: your test is complete
READY....
