READY....
Listening...
Stopped listening, please wait...
000000000: HEY
READY....
Listening...
Stopped listening, please wait...
000000001: YEAH
READY....
Listening...
Stopped listening, please wait...
000000002: 
READY....
Listening...
Stopped listening, please wait...
000000003: 
READY....
Listening...
Stopped listening, please wait...
000000004: MY NAME IS
READY....
Listening...
Stopped listening, please wait...
000000005: YEAH
READY....
Listening...
Stopped listening, please wait...
000000006: TURN
READY....
Listening...
Stopped listening, please wait...
000000007: COMPUTER SCIENCE
READY....
Listening...
Stopped listening, please wait...
000000008: FORWARD
READY....
Listening...
Stopped listening, please wait...
000000009: STAFF
READY....
Listening...
Stopped listening, please wait...
000000010: HI
READY....
Listening...
Stopped listening, please wait...
000000011: OK
READY....
Listening...
Stopped listening, please wait...
000000012: YEAH
READY....
Listening...
Stopped listening, please wait...
000000013: YEAH
READY....
Listening...
Stopped listening, please wait...
000000014: STUDENT
READY....
Listening...
Stopped listening, please wait...
000000015: COMPUTER SCIENCE
READY....
Listening...
Stopped listening, please wait...
000000016: HI NICO
READY....
Listening...
Stopped listening, please wait...
000000017: STUDENT
READY....
Listening...
Stopped listening, please wait...
000000018: 
READY....
Listening...
Stopped listening, please wait...
000000019: 
READY....
Listening...
Stopped listening, please wait...
000000020: 
READY....
Listening...
Stopped listening, please wait...
000000021: HELLO
READY....
Listening...
Stopped listening, please wait...
000000022: MOVE
READY....
Listening...
Stopped listening, please wait...
000000023: YEAH
READY....
Listening...
Stopped listening, please wait...
000000024: RIGHT
READY....
Listening...
Stopped listening, please wait...
000000025: STAFF
READY....
Listening...
Stopped listening, please wait...
000000026: YEAH
READY....
Listening...
Stopped listening, please wait...
000000027: MOVE
READY....
Listening...
Stopped listening, please wait...
000000028: YEAH
READY....
Listening...
Stopped listening, please wait...
000000029: FORWARD
READY....
Listening...
Stopped listening, please wait...
000000030: STAFF
READY....
Listening...
Stopped listening, please wait...
000000031: YEAH
READY....
Listening...
Stopped listening, please wait...
000000032: NO
READY....
Listening...
Stopped listening, please wait...
000000033: FORWARD
READY....
Listening...
Stopped listening, please wait...
000000034: FORWARD
READY....
Listening...
Stopped listening, please wait...
000000035: TURN
READY....
Listening...
Stopped listening, please wait...
000000036: YEAH
READY....
Listening...
Stopped listening, please wait...
000000037: TURN
READY....
Listening...
Stopped listening, please wait...
000000038: RIGHT
READY....
Listening...
Stopped listening, please wait...
000000039: STAFF
READY....
Listening...
Stopped listening, please wait...
000000040: LEFT
READY....
Listening...
Stopped listening, please wait...
000000041: LEFT
READY....
Listening...
Stopped listening, please wait...
000000042: LEFT
READY....
Listening...
Stopped listening, please wait...
000000043: HEY
READY....
Listening...
Stopped listening, please wait...
000000044: YEAH
READY....
Listening...
Stopped listening, please wait...
000000045: YEAH
READY....
Listening...
Stopped listening, please wait...
000000046: FORWARD
READY....
Listening...
Stopped listening, please wait...
000000047: RIGHT
READY....
Listening...
Stopped listening, please wait...
000000048: 
READY....
Listening...
Stopped listening, please wait...
000000049: HEY NICO
READY....
