READY....
Listening...
Stopped listening, please wait...
000000000: HEY NICO
READY....
Listening...
Stopped listening, please wait...
000000001: HEY
READY....
Listening...
Stopped listening, please wait...
000000002: YES
READY....
Listening...
Stopped listening, please wait...
000000003: MY NAME IS
READY....
Listening...
Stopped listening, please wait...
000000004: MY NAME IS
READY....
Listening...
Stopped listening, please wait...
000000005: HELLO NICO
READY....
Listening...
Stopped listening, please wait...
000000006: FACULTY
READY....
Listening...
Stopped listening, please wait...
000000007: MY NAME IS
READY....
Listening...
Stopped listening, please wait...
000000008: YES
READY....
Listening...
Stopped listening, please wait...
000000009: COMPUTER SCIENCE
READY....
Listening...
Stopped listening, please wait...
000000010: YES
READY....
Listening...
Stopped listening, please wait...
000000011: 
READY....
Listening...
Stopped listening, please wait...
000000012: YES
READY....
Listening...
Stopped listening, please wait...
000000013: MOVE
READY....
Listening...
Stopped listening, please wait...
000000014: STUDENT
READY....
Listening...
Stopped listening, please wait...
000000015: COMPUTER
READY....
Listening...
Stopped listening, please wait...
000000016: FORWARD
READY....
Listening...
Stopped listening, please wait...
000000017: FACULTY
READY....
Listening...
Stopped listening, please wait...
000000018: SURE
READY....
Listening...
Stopped listening, please wait...
000000019: YEAH
READY....
Listening...
Stopped listening, please wait...
000000020: 
READY....
Listening...
Stopped listening, please wait...
000000021: COMPUTER SCIENCE
READY....
Listening...
Stopped listening, please wait...
000000022: MOVE
READY....
Listening...
Stopped listening, please wait...
000000023: HEY
READY....
Listening...
Stopped listening, please wait...
000000024: FORWARD
READY....
Listening...
Stopped listening, please wait...
000000025: COMPUTER SCIENCE
READY....
Listening...
Stopped listening, please wait...
000000026: NO
READY....
Listening...
