READY....
Listening...
Stopped listening, please wait...
000000000: HEY NICO
READY....
Listening...
Stopped listening, please wait...
000000001: MY NAME IS
READY....
Listening...
Stopped listening, please wait...
000000002: 
READY....
Listening...
Stopped listening, please wait...
000000003: HEY NICO
READY....
Listening...
Stopped listening, please wait...
000000004: COMPUTER SCIENCE
READY....
Listening...
Stopped listening, please wait...
000000005: MY NAME IS
READY....
Listening...
Stopped listening, please wait...
000000006: STUDENT
READY....
Listening...
Stopped listening, please wait...
000000007: MY NAME IS
READY....
Listening...
Stopped listening, please wait...
000000008: HEY NICO
READY....
Listening...
Stopped listening, please wait...
000000009: YES
READY....
Listening...
Stopped listening, please wait...
000000010: HELLO NICO
READY....
Listening...
Stopped listening, please wait...
000000011: TURN
READY....
Listening...
Stopped listening, please wait...
000000012: LEFT
READY....
Listening...
Stopped listening, please wait...
000000013: STAFF
READY....
Listening...
Stopped listening, please wait...
000000014: YES
READY....
Listening...
Stopped listening, please wait...
000000015: YEAH
READY....
Listening...
Stopped listening, please wait...
000000016: MOVE
READY....
Listening...
Stopped listening, please wait...
000000017: 
READY....
Listening...
Stopped listening, please wait...
000000018: FORWARD
READY....
Listening...
Stopped listening, please wait...
000000019: STAFF
READY....
Listening...
Stopped listening, please wait...
000000020: NO
READY....
Listening...
Stopped listening, please wait...
000000021: HI NICO
READY....
