READY....
Listening...
Stopped listening, please wait...
000000000: please call fellow
READY....
Listening...
Stopped listening, please wait...
000000001: after an entry least in for those dollars
READY....
Listening...
Stopped listening, please wait...
000000002: that's six tons of france no peace
READY....
Listening...
Stopped listening, please wait...
000000003: frank takes less of food chief
READY....
Listening...
Stopped listening, please wait...
000000004: so maybe you'd have for brother bob
READY....
Listening...
Stopped listening, please wait...
000000005: we also anything for the kids
READY....
Listening...
Stopped listening, please wait...
000000006: but if some plastic saint and a big place fraud
READY....
Listening...
Stopped listening, please wait...
000000007: she can't compete president to do read bags
READY....
Listening...
Stopped listening, please wait...
000000008: but it's he will go meet her wednesday at the train station
READY....
Listening...
Stopped listening, please wait...
000000009: new taxes country
READY....
Listening...
Stopped listening, please wait...
000000010: yes
READY....
