READY....
Listening...
Stopped listening, please wait...
000000000: NO
READY....
Listening...
Stopped listening, please wait...
000000001: NO
READY....
Listening...
Stopped listening, please wait...
000000002: YES
READY....
Listening...
Stopped listening, please wait...
000000003: 
READY....
Listening...
Stopped listening, please wait...
000000004: HELLO
READY....
Listening...
Stopped listening, please wait...
000000005: YEAH
READY....
Listening...
Stopped listening, please wait...
000000006: MY NAME IS
READY....
Listening...
Stopped listening, please wait...
000000007: 
READY....
Listening...
Stopped listening, please wait...
000000008: FACULTY
READY....
Listening...
Stopped listening, please wait...
000000009: TURN
READY....
Listening...
Stopped listening, please wait...
000000010: MY NAME IS
READY....
Listening...
Stopped listening, please wait...
000000011: STUDENT
READY....
Listening...
Stopped listening, please wait...
000000012: YES
READY....
Listening...
Stopped listening, please wait...
000000013: MOVE
READY....
Listening...
Stopped listening, please wait...
000000014: FORWARD
READY....
Listening...
Stopped listening, please wait...
000000015: STAFF
READY....
Listening...
Stopped listening, please wait...
000000016: FORWARD
READY....
Listening...
Stopped listening, please wait...
000000017: 
READY....
Listening...
Stopped listening, please wait...
000000018: YES
READY....
Listening...
Stopped listening, please wait...
000000019: TURN
READY....
Listening...
Stopped listening, please wait...
000000020: RIGHT
READY....
Listening...
Stopped listening, please wait...
000000021: STAFF
READY....
Listening...
Stopped listening, please wait...
000000022: NO
READY....
Listening...
