READY....
Listening...
Stopped listening, please wait...
000000000: old style of
READY....
Listening...
Stopped listening, please wait...
000000001: it
READY....
Listening...
Stopped listening, please wait...
000000002: moscow it speaks historical fresh snow peace
READY....
Listening...
Stopped listening, please wait...
000000003: flying speak last full blown she
READY....
Listening...
Stopped listening, please wait...
000000004: so maybe often that full her brother ball
READY....
Listening...
Stopped listening, please wait...
000000005: we'll also need a handful of the key
READY....
Listening...
Stopped listening, please wait...
000000006: a small plastic neck and that big goal of for
READY....
Listening...
Stopped listening, please wait...
000000007: she can to pay fifteen to sue you read back
READY....
Listening...
Stopped listening, please wait...
000000008: it will go me number one they have brought to is teaching
READY....
Listening...
Stopped listening, please wait...
000000009: bill passed the complete
READY....
Listening...
