READY....
Listening...
Stopped listening, please wait...
000000000: 
READY....
Listening...
Stopped listening, please wait...
000000001: OK
READY....
Listening...
Stopped listening, please wait...
000000002: HELLO
READY....
Listening...
Stopped listening, please wait...
000000003: YEAH
READY....
Listening...
Stopped listening, please wait...
000000004: MY NAME IS
READY....
Listening...
Stopped listening, please wait...
000000005: YES
READY....
Listening...
Stopped listening, please wait...
000000006: STUDENT
READY....
Listening...
Stopped listening, please wait...
000000007: MY
READY....
Listening...
Stopped listening, please wait...
000000008: HEY NICO
READY....
Listening...
Stopped listening, please wait...
000000009: HEY NICO
READY....
Listening...
Stopped listening, please wait...
000000010: (null)
READY....
Listening...
Stopped listening, please wait...
000000011: YES
READY....
Listening...
Stopped listening, please wait...
000000012: YEAH
READY....
Listening...
Stopped listening, please wait...
000000013: MOVE
READY....
Listening...
Stopped listening, please wait...
000000014: YEAH
READY....
Listening...
Stopped listening, please wait...
000000015: LEFT
READY....
Listening...
Stopped listening, please wait...
000000016: STAFF
READY....
Listening...
Stopped listening, please wait...
000000017: FORWARD
READY....
Listening...
Stopped listening, please wait...
000000018: YES
READY....
Listening...
Stopped listening, please wait...
000000019: YEAH
READY....
Listening...
Stopped listening, please wait...
000000020: TURN
READY....
Listening...
Stopped listening, please wait...
000000021: YEAH
READY....
Listening...
Stopped listening, please wait...
000000022: LEFT
READY....
Listening...
Stopped listening, please wait...
000000023: STAFF
READY....
Listening...
Stopped listening, please wait...
000000024: YES
READY....
Listening...
Stopped listening, please wait...
000000025: RIGHT
READY....
Listening...
Stopped listening, please wait...
000000026: MOVE
READY....
Listening...
Stopped listening, please wait...
000000027: YEAH
READY....
Listening...
Stopped listening, please wait...
000000028: MY
READY....
Listening...
Stopped listening, please wait...
000000029: 
READY....
Listening...
Stopped listening, please wait...
000000030: RIGHT
READY....
Listening...
Stopped listening, please wait...
000000031: STAFF
READY....
Listening...
Stopped listening, please wait...
000000032: YEAH
READY....
Listening...
Stopped listening, please wait...
000000033: YEAH
READY....
Listening...
Stopped listening, please wait...
000000034: HELLO
READY....
Listening...
Stopped listening, please wait...
000000035: MOVE
READY....
Listening...
Stopped listening, please wait...
000000036: YEAH
READY....
Listening...
Stopped listening, please wait...
000000037: LEFT
READY....
Listening...
Stopped listening, please wait...
000000038: STAFF
READY....
Listening...
Stopped listening, please wait...
000000039: NO
READY....
Listening...
Stopped listening, please wait...
000000040: HI
READY....
