READY....
Listening...
Stopped listening, please wait...
000000000: to call still not
READY....
Listening...
Stopped listening, please wait...
000000001: so it a yeah
READY....
Listening...
Stopped listening, please wait...
000000002: i could mean anything for just store
READY....
Listening...
Stopped listening, please wait...
000000003: yeah
READY....
Listening...
Stopped listening, please wait...
000000004: and
READY....
Listening...
Stopped listening, please wait...
000000005: at
READY....
Listening...
Stopped listening, please wait...
000000006: at all
READY....
Listening...
Stopped listening, please wait...
000000007: that and
READY....
Listening...
Stopped listening, please wait...
000000008: got a
READY....
Listening...
Stopped listening, please wait...
000000009: the
READY....
Listening...
Stopped listening, please wait...
000000010: yeah
READY....
Listening...
Stopped listening, please wait...
000000011: it's just turn to get a he
READY....
Listening...
Stopped listening, please wait...
000000012: but all still not
READY....
Listening...
Stopped listening, please wait...
000000013: please call to got a
READY....
Listening...
Stopped listening, please wait...
000000014: 
READY....
Listening...
Stopped listening, please wait...
000000015: the book
READY....
Listening...
Stopped listening, please wait...
000000016: and also fell out
READY....
Listening...
Stopped listening, please wait...
000000017: asked whether anything from the store
READY....
Listening...
Stopped listening, please wait...
000000018: this exclusive fresh snow peace five and him a flat tax of blue chief
READY....
Listening...
Stopped listening, please wait...
000000019: maybe us now of several brother bought
READY....
Listening...
Stopped listening, please wait...
000000020: we also anything for decades
READY....
Listening...
Stopped listening, please wait...
000000021: a small plastic scene and typically fraud
READY....
Listening...
Stopped listening, please wait...
000000022: she could still peace team think it three read back
READY....
Listening...
Stopped listening, please wait...
000000023: we will go eat term and sunday and the train station
READY....
Listening...
Stopped listening, please wait...
000000024: you can't just complete
READY....
Listening...
