READY....
Listening...
Stopped listening, please wait...
000000000: HEY NICO
READY....
Listening...
Stopped listening, please wait...
000000001: 
READY....
Listening...
Stopped listening, please wait...
000000002: MY NAME IS
READY....
Listening...
Stopped listening, please wait...
000000003: HEY
READY....
Listening...
Stopped listening, please wait...
000000004: YEAH
READY....
Listening...
Stopped listening, please wait...
000000005: MY NAME IS
READY....
Listening...
Stopped listening, please wait...
000000006: YES
READY....
Listening...
Stopped listening, please wait...
000000007: 
READY....
Listening...
Stopped listening, please wait...
000000008: MY NAME
READY....
Listening...
Stopped listening, please wait...
000000009: MY NAME IS
READY....
Listening...
Stopped listening, please wait...
000000010: YEAH
READY....
Listening...
Stopped listening, please wait...
000000011: 
READY....
Listening...
Stopped listening, please wait...
000000012: HEY
READY....
Listening...
Stopped listening, please wait...
000000013: HEY
READY....
Listening...
Stopped listening, please wait...
000000014: COMPUTER
READY....
Listening...
Stopped listening, please wait...
000000015: HI
READY....
Listening...
Stopped listening, please wait...
000000016: MY NAME IS
READY....
Listening...
Stopped listening, please wait...
000000017: STUDENT
READY....
Listening...
Stopped listening, please wait...
000000018: 
READY....
Listening...
Stopped listening, please wait...
000000019: YEAH
READY....
Listening...
Stopped listening, please wait...
000000020: HEY NICO
READY....
Listening...
Stopped listening, please wait...
000000021: YEAH
READY....
Listening...
Stopped listening, please wait...
000000022: HEY NICO
READY....
Listening...
Stopped listening, please wait...
000000023: COMPUTER SCIENCE
READY....
Listening...
Stopped listening, please wait...
000000024: 
READY....
Listening...
Stopped listening, please wait...
000000025: MOVE
READY....
Listening...
Stopped listening, please wait...
000000026: 
READY....
Listening...
Stopped listening, please wait...
000000027: MOVE
READY....
Listening...
Stopped listening, please wait...
000000028: STUDENT
READY....
Listening...
Stopped listening, please wait...
000000029: NO
READY....
Listening...
Stopped listening, please wait...
000000030: HEY NICO
READY....
Listening...
Stopped listening, please wait...
000000031: MOVE
READY....
Listening...
Stopped listening, please wait...
000000032: STUDENT
READY....
Listening...
Stopped listening, please wait...
000000033: MY
READY....
Listening...
Stopped listening, please wait...
000000034: FORWARD
READY....
Listening...
Stopped listening, please wait...
000000035: STAFF
READY....
Listening...
Stopped listening, please wait...
000000036: YEAH
READY....
Listening...
Stopped listening, please wait...
000000037: MY NAME IS
READY....
Listening...
Stopped listening, please wait...
000000038: TURN
READY....
Listening...
Stopped listening, please wait...
000000039: TURN
READY....
Listening...
Stopped listening, please wait...
000000040: HEY NICO
READY....
Listening...
Stopped listening, please wait...
000000041: TURN
READY....
Listening...
Stopped listening, please wait...
000000042: MOVE
READY....
Listening...
Stopped listening, please wait...
000000043: YES
READY....
Listening...
Stopped listening, please wait...
000000044: 
READY....
Listening...
Stopped listening, please wait...
000000045: HEY NICO
READY....
Listening...
Stopped listening, please wait...
000000046: MY NAME
READY....
Listening...
Stopped listening, please wait...
000000047: OK
READY....
Listening...
Stopped listening, please wait...
000000048: TURN
READY....
Listening...
Stopped listening, please wait...
000000049: RIGHT
READY....
Listening...
Stopped listening, please wait...
000000050: STAFF
READY....
Listening...
Stopped listening, please wait...
000000051: YEAH
READY....
Listening...
Stopped listening, please wait...
000000052: MOVE
READY....
Listening...
Stopped listening, please wait...
000000053: MOVE
READY....
Listening...
Stopped listening, please wait...
000000054: MOVE
READY....
Listening...
Stopped listening, please wait...
000000055: YEAH
READY....
Listening...
Stopped listening, please wait...
000000056: (null)
READY....
Listening...
