READY....
Listening...
Stopped listening, please wait...
000000000: HI NICO
READY....
Listening...
Stopped listening, please wait...
000000001: 
READY....
Listening...
Stopped listening, please wait...
000000002: MY NAME IS
READY....
Listening...
Stopped listening, please wait...
000000003: YES
READY....
Listening...
Stopped listening, please wait...
000000004: YES
READY....
Listening...
Stopped listening, please wait...
000000005: STUDENT
READY....
Listening...
Stopped listening, please wait...
000000006: 
READY....
Listening...
Stopped listening, please wait...
000000007: STUDENT
READY....
Listening...
Stopped listening, please wait...
000000008: YEAH
READY....
Listening...
Stopped listening, please wait...
000000009: YES
READY....
Listening...
Stopped listening, please wait...
000000010: YEAH
READY....
Listening...
Stopped listening, please wait...
000000011: TURN
READY....
Listening...
Stopped listening, please wait...
000000012: 
READY....
Listening...
Stopped listening, please wait...
000000013: RIGHT
READY....
Listening...
Stopped listening, please wait...
000000014: STAFF
READY....
Listening...
Stopped listening, please wait...
000000015: MOVE
READY....
Listening...
Stopped listening, please wait...
000000016: YES
READY....
Listening...
Stopped listening, please wait...
000000017: 
READY....
Listening...
Stopped listening, please wait...
000000018: MOVE
READY....
Listening...
Stopped listening, please wait...
000000019: 
READY....
Listening...
Stopped listening, please wait...
000000020: FORWARD
READY....
Listening...
Stopped listening, please wait...
000000021: STAFF
READY....
Listening...
Stopped listening, please wait...
000000022: YEAH
READY....
Listening...
Stopped listening, please wait...
000000023: TURN
READY....
Listening...
Stopped listening, please wait...
000000024: TURN
READY....
Listening...
Stopped listening, please wait...
000000025: RIGHT
READY....
Listening...
Stopped listening, please wait...
000000026: STAFF
READY....
Listening...
Stopped listening, please wait...
000000027: YEAH
READY....
Listening...
Stopped listening, please wait...
000000028: YEAH
READY....
Listening...
Stopped listening, please wait...
000000029: MOVE
READY....
Listening...
Stopped listening, please wait...
000000030: YEAH
READY....
Listening...
Stopped listening, please wait...
000000031: LEFT
READY....
Listening...
Stopped listening, please wait...
000000032: STAFF
READY....
Listening...
Stopped listening, please wait...
000000033: 
READY....
Listening...
Stopped listening, please wait...
000000034: RIGHT
READY....
Listening...
Stopped listening, please wait...
000000035: YEAH
READY....
Listening...
Stopped listening, please wait...
000000036: YEAH
READY....
