READY....
Listening...
Stopped listening, please wait...
000000000: STAFF
READY....
Listening...
Stopped listening, please wait...
000000001: HEY NICO
READY....
Listening...
Stopped listening, please wait...
000000002: 
READY....
Listening...
Stopped listening, please wait...
000000003: SURE
READY....
Listening...
Stopped listening, please wait...
000000004: MY NAME IS
READY....
Listening...
Stopped listening, please wait...
000000005: STUDENT
READY....
Listening...
Stopped listening, please wait...
000000006: RIGHT
READY....
Listening...
Stopped listening, please wait...
000000007: MY NAME IS
READY....
