READY....
Listening...
Stopped listening, please wait...
000000000: 
READY....
Listening...
Stopped listening, please wait...
000000001: the cost allies
READY....
Listening...
Stopped listening, please wait...
000000002: yes
READY....
Listening...
Stopped listening, please wait...
000000003: after two previous restore
READY....
Listening...
Stopped listening, please wait...
000000004: yes
READY....
Listening...
Stopped listening, please wait...
000000005: yeah
READY....
Listening...
Stopped listening, please wait...
