READY....
Listening...
Stopped listening, please wait...
000000000: please cost to is
READY....
Listening...
Stopped listening, please wait...
000000001: sure
READY....
Listening...
Stopped listening, please wait...
000000002: after it
READY....
Listening...
Stopped listening, please wait...
000000003: if after the return briefing to restore
READY....
Listening...
Stopped listening, please wait...
000000004: yes
READY....
Listening...
Stopped listening, please wait...
000000005: six or the it six days of fresh peace
READY....
Listening...
Stopped listening, please wait...
000000006: but i think so i'm simply chief
READY....
Listening...
Stopped listening, please wait...
000000007: maybe a sad for her brother bob we are thinking twenty kids
READY....
Listening...
Stopped listening, please wait...
000000008: a soft spot
READY....
Listening...
Stopped listening, please wait...
000000009: based on plastic stake in a big story for and she came to get these things into three read bags we will go meet her wednesday at the train station you test is complete
READY....
Listening...
Stopped listening, please wait...
000000010: yes
READY....
